[17-Sep-2018 19:25:49 UTC] PHP Parse error:  syntax error, unexpected '?>', expecting '{' in /home/ubuntu/workspace/work/labs/labTwo/index.php on line 36
[19-Sep-2018 05:50:31 UTC] PHP Warning:  include(/work/labs/labTwo/inc/functions.php): failed to open stream: No such file or directory in /home/ubuntu/workspace/work/labs/labTwo/index.php on line 9
[19-Sep-2018 05:50:31 UTC] PHP Stack trace:
[19-Sep-2018 05:50:31 UTC] PHP   1. {main}() /home/ubuntu/workspace/work/labs/labTwo/index.php:0
[19-Sep-2018 05:50:31 UTC] PHP Warning:  include(): Failed opening '/work/labs/labTwo/inc/functions.php' for inclusion (include_path='.:/usr/share/php:/usr/share/pear') in /home/ubuntu/workspace/work/labs/labTwo/index.php on line 9
[19-Sep-2018 05:50:31 UTC] PHP Stack trace:
[19-Sep-2018 05:50:31 UTC] PHP   1. {main}() /home/ubuntu/workspace/work/labs/labTwo/index.php:0
[19-Sep-2018 05:51:51 UTC] PHP Fatal error:  Call to undefined function displaySymbol() in /home/ubuntu/workspace/work/labs/labTwo/index.php on line 14
[19-Sep-2018 05:51:51 UTC] PHP Stack trace:
[19-Sep-2018 05:51:51 UTC] PHP   1. {main}() /home/ubuntu/workspace/work/labs/labTwo/index.php:0
[19-Sep-2018 05:52:01 UTC] PHP Fatal error:  Call to undefined function displaySymbol() in /home/ubuntu/workspace/work/labs/labTwo/index.php on line 14
[19-Sep-2018 05:52:01 UTC] PHP Stack trace:
[19-Sep-2018 05:52:01 UTC] PHP   1. {main}() /home/ubuntu/workspace/work/labs/labTwo/index.php:0
[19-Sep-2018 05:52:33 UTC] PHP Fatal error:  Call to undefined function displaySymbol() in /home/ubuntu/workspace/work/labs/labTwo/index.php on line 14
[19-Sep-2018 05:52:33 UTC] PHP Stack trace:
[19-Sep-2018 05:52:33 UTC] PHP   1. {main}() /home/ubuntu/workspace/work/labs/labTwo/index.php:0
[19-Sep-2018 05:52:36 UTC] PHP Fatal error:  Call to undefined function displaySymbol() in /home/ubuntu/workspace/work/labs/labTwo/index.php on line 14
[19-Sep-2018 05:52:36 UTC] PHP Stack trace:
[19-Sep-2018 05:52:36 UTC] PHP   1. {main}() /home/ubuntu/workspace/work/labs/labTwo/index.php:0
[19-Sep-2018 05:55:35 UTC] PHP Fatal error:  Call to undefined function play() in /home/ubuntu/workspace/work/labs/labTwo/index.php on line 9
[19-Sep-2018 05:55:35 UTC] PHP Stack trace:
[19-Sep-2018 05:55:35 UTC] PHP   1. {main}() /home/ubuntu/workspace/work/labs/labTwo/index.php:0
[19-Sep-2018 05:56:26 UTC] PHP Fatal error:  Call to undefined function play() in /home/ubuntu/workspace/work/labs/labTwo/index.php on line 9
[19-Sep-2018 05:56:26 UTC] PHP Stack trace:
[19-Sep-2018 05:56:26 UTC] PHP   1. {main}() /home/ubuntu/workspace/work/labs/labTwo/index.php:0
[19-Sep-2018 05:56:28 UTC] PHP Fatal error:  Call to undefined function play() in /home/ubuntu/workspace/work/labs/labTwo/index.php on line 9
[19-Sep-2018 05:56:28 UTC] PHP Stack trace:
[19-Sep-2018 05:56:28 UTC] PHP   1. {main}() /home/ubuntu/workspace/work/labs/labTwo/index.php:0
[19-Sep-2018 05:56:41 UTC] PHP Fatal error:  Call to undefined function play() in /home/ubuntu/workspace/work/labs/labTwo/index.php on line 9
[19-Sep-2018 05:56:41 UTC] PHP Stack trace:
[19-Sep-2018 05:56:41 UTC] PHP   1. {main}() /home/ubuntu/workspace/work/labs/labTwo/index.php:0
[19-Sep-2018 05:57:11 UTC] PHP Fatal error:  Call to undefined function play() in /home/ubuntu/workspace/work/labs/labTwo/index.php on line 9
[19-Sep-2018 05:57:11 UTC] PHP Stack trace:
[19-Sep-2018 05:57:11 UTC] PHP   1. {main}() /home/ubuntu/workspace/work/labs/labTwo/index.php:0
[19-Sep-2018 05:57:13 UTC] PHP Fatal error:  Call to undefined function play() in /home/ubuntu/workspace/work/labs/labTwo/index.php on line 9
[19-Sep-2018 05:57:13 UTC] PHP Stack trace:
[19-Sep-2018 05:57:13 UTC] PHP   1. {main}() /home/ubuntu/workspace/work/labs/labTwo/index.php:0
[19-Sep-2018 05:57:41 UTC] PHP Fatal error:  Call to undefined function play() in /home/ubuntu/workspace/work/labs/labTwo/index.php on line 9
[19-Sep-2018 05:57:41 UTC] PHP Stack trace:
[19-Sep-2018 05:57:41 UTC] PHP   1. {main}() /home/ubuntu/workspace/work/labs/labTwo/index.php:0
[19-Sep-2018 05:57:43 UTC] PHP Fatal error:  Call to undefined function play() in /home/ubuntu/workspace/work/labs/labTwo/index.php on line 9
[19-Sep-2018 05:57:43 UTC] PHP Stack trace:
[19-Sep-2018 05:57:43 UTC] PHP   1. {main}() /home/ubuntu/workspace/work/labs/labTwo/index.php:0
[19-Sep-2018 05:58:04 UTC] PHP Fatal error:  Call to undefined function play() in /home/ubuntu/workspace/work/labs/labTwo/index.php on line 9
[19-Sep-2018 05:58:04 UTC] PHP Stack trace:
[19-Sep-2018 05:58:04 UTC] PHP   1. {main}() /home/ubuntu/workspace/work/labs/labTwo/index.php:0
[19-Sep-2018 05:58:15 UTC] PHP Fatal error:  Call to undefined function play() in /home/ubuntu/workspace/work/labs/labTwo/index.php on line 9
[19-Sep-2018 05:58:15 UTC] PHP Stack trace:
[19-Sep-2018 05:58:15 UTC] PHP   1. {main}() /home/ubuntu/workspace/work/labs/labTwo/index.php:0
[19-Sep-2018 05:58:16 UTC] PHP Fatal error:  Call to undefined function play() in /home/ubuntu/workspace/work/labs/labTwo/index.php on line 9
[19-Sep-2018 05:58:16 UTC] PHP Stack trace:
[19-Sep-2018 05:58:16 UTC] PHP   1. {main}() /home/ubuntu/workspace/work/labs/labTwo/index.php:0
[19-Sep-2018 05:59:07 UTC] PHP Fatal error:  Call to undefined function play() in /home/ubuntu/workspace/work/labs/labTwo/index.php on line 9
[19-Sep-2018 05:59:07 UTC] PHP Stack trace:
[19-Sep-2018 05:59:07 UTC] PHP   1. {main}() /home/ubuntu/workspace/work/labs/labTwo/index.php:0
